DEBUG:root:Sent: "{"command": "register", "user": "Foo"}"
DEBUG:root:Sent: "{"command": "message", "message": "Here am I: foo!\n", "ts": 1709766400}"
DEBUG:root:Received: "{"command": "message", "message": "Here am I: foo!\n", "ts": 1709766400}"
DEBUG:root:Received: "{"command": "message", "message": "Here am I: bar!\n", "ts": 1709766415}"
DEBUG:root:Received: "{"command": "message", "message": "Hello foo!\n", "ts": 1709766424}"
DEBUG:root:Sent: "{"command": "join", "channel": "#cd"}"
DEBUG:root:Sent: "{"command": "message", "message": "Hello bar!\n", "channel": "#cd", "ts": 1709766442}"
DEBUG:root:Received: "{"command": "message", "message": "Hello bar!\n", "channel": "#cd", "ts": 1709766442}"
DEBUG:root:Received: "{"command": "message", "message": "did't see\n", "channel": "#cd", "ts": 1709766455}"
DEBUG:root:Sent: "{"command": "message", "message": "Hello bar!\n", "channel": "#cd", "ts": 1709766460}"
DEBUG:root:Received: "{"command": "message", "message": "Hello bar!\n", "channel": "#cd", "ts": 1709766460}"
DEBUG:root:Sent: "{"command": "register", "user": "Foo"}"
DEBUG:root:Sent: "{"command": "message", "message": "Ol\u00e1 Mundo\n", "ts": 1709766496}"
DEBUG:root:Received: "{"command": "message", "message": "Ol\u00e1 Mundo\n", "ts": 1709766496}"
DEBUG:root:Received: "{"command": "message", "message": "Hello World\n", "ts": 1709766496}"
DEBUG:root:Sent: "{"command": "register", "user": "Foo"}"
DEBUG:root:Sent: "{"command": "message", "message": "Ol\u00e1 Mundo\n", "ts": 1709766498}"
DEBUG:root:Received: "{"command": "message", "message": "Ol\u00e1 Mundo\n", "ts": 1709766498}"
DEBUG:root:Received: "{"command": "message", "message": "Hello World\n", "ts": 1709766498}"
DEBUG:root:Received: "{"command": "message", "message": "How are you?\n", "ts": 1709766499}"
DEBUG:root:Received: "{"command": "message", "message": "Are you new around here?\n", "ts": 1709766499}"
DEBUG:root:Received: "{"command": "message", "message": "Hope you enjoy your stay\n", "ts": 1709766499}"
DEBUG:root:Sent: "{"command": "message", "message": "You are awesome!\n", "ts": 1709766499}"
DEBUG:root:Received: "{"command": "message", "message": "You are awesome!\n", "ts": 1709766499}"
DEBUG:root:Sent: "{"command": "register", "user": "Foo"}"
DEBUG:root:Sent: "{"command": "message", "message": "Hello!\n", "ts": 1709766501}"
DEBUG:root:Received: "{"command": "message", "message": "Hello!\n", "ts": 1709766501}"
DEBUG:root:Received: "{"command": "message", "message": "Welcome aboard\n", "ts": 1709766501}"
DEBUG:root:Received: "{"command": "message", "message": "Who are you?\n", "ts": 1709766501}"
DEBUG:root:Sent: "{"command": "message", "message": "I'm Joe\n", "ts": 1709766501}"
DEBUG:root:Received: "{"command": "message", "message": "I'm Joe\n", "ts": 1709766501}"
DEBUG:root:Received: "{"command": "message", "message": "Nice to meet you Joe\n", "ts": 1709766501}"
DEBUG:root:Sent: "{"command": "message", "message": "Cya around\n", "ts": 1709766501}"
DEBUG:root:Received: "{"command": "message", "message": "Cya around\n", "ts": 1709766501}"
DEBUG:root:Sent: "{"command": "register", "user": "Foo"}"
DEBUG:root:Sent: "{"command": "message", "message": "Hello!\n", "ts": 1709766504}"
DEBUG:root:Received: "{"command": "message", "message": "Hello!\n", "ts": 1709766504}"
DEBUG:root:Sent: "{"command": "join", "channel": "#cd"}"
DEBUG:root:Sent: "{"command": "message", "message": "no one is here...\n", "channel": "#cd", "ts": 1709766504}"
DEBUG:root:Received: "{"command": "message", "message": "no one is here...\n", "channel": "#cd", "ts": 1709766504}"
DEBUG:root:Sent: "{"command": "register", "user": "Foo"}"
DEBUG:root:Sent: "{"command": "join", "channel": "#c1"}"
DEBUG:root:Sent: "{"command": "message", "message": "Hello darkness, my old friend\n", "channel": "#c1", "ts": 1709766508}"
DEBUG:root:Received: "{"command": "message", "message": "Hello darkness, my old friend\n", "channel": "#c1", "ts": 1709766508}"
DEBUG:root:Sent: "{"command": "join", "channel": "#c2"}"
DEBUG:root:Sent: "{"command": "message", "message": "I've come to talk with you again\n", "channel": "#c2", "ts": 1709766508}"
DEBUG:root:Received: "{"command": "message", "message": "I've come to talk with you again\n", "channel": "#c2", "ts": 1709766508}"
DEBUG:root:Sent: "{"command": "join", "channel": "#c1"}"
DEBUG:root:Sent: "{"command": "message", "message": "Because a vision softly creeping\n", "channel": "#c1", "ts": 1709766509}"
DEBUG:root:Received: "{"command": "message", "message": "Because a vision softly creeping\n", "channel": "#c1", "ts": 1709766509}"
DEBUG:root:Received: "{"command": "message", "message": "Because a vision softly creeping\n", "channel": "#c1", "ts": 1709766509}"
DEBUG:root:Sent: "{"command": "register", "user": "Foo"}"
DEBUG:root:Sent: "{"command": "message", "message": "Ol\u00e1 Mundo\n", "ts": 1709767884}"
DEBUG:root:Received: "{"command": "message", "message": "Ol\u00e1 Mundo\n", "ts": 1709767884}"
DEBUG:root:Received: "{"command": "message", "message": "Hello World\n", "ts": 1709767884}"
DEBUG:root:Sent: "{"command": "register", "user": "Foo"}"
DEBUG:root:Sent: "{"command": "message", "message": "Ol\u00e1 Mundo\n", "ts": 1709767887}"
DEBUG:root:Received: "{"command": "message", "message": "Ol\u00e1 Mundo\n", "ts": 1709767887}"
DEBUG:root:Received: "{"command": "message", "message": "Hello World\n", "ts": 1709767887}"
DEBUG:root:Received: "{"command": "message", "message": "How are you?\n", "ts": 1709767887}"
DEBUG:root:Received: "{"command": "message", "message": "Are you new around here?\n", "ts": 1709767887}"
DEBUG:root:Received: "{"command": "message", "message": "Hope you enjoy your stay\n", "ts": 1709767887}"
DEBUG:root:Sent: "{"command": "message", "message": "You are awesome!\n", "ts": 1709767887}"
DEBUG:root:Received: "{"command": "message", "message": "You are awesome!\n", "ts": 1709767887}"
DEBUG:root:Sent: "{"command": "register", "user": "Foo"}"
DEBUG:root:Sent: "{"command": "message", "message": "Hello!\n", "ts": 1709767889}"
DEBUG:root:Received: "{"command": "message", "message": "Hello!\n", "ts": 1709767889}"
DEBUG:root:Received: "{"command": "message", "message": "Welcome aboard\n", "ts": 1709767889}"
DEBUG:root:Received: "{"command": "message", "message": "Who are you?\n", "ts": 1709767889}"
DEBUG:root:Sent: "{"command": "message", "message": "I'm Joe\n", "ts": 1709767889}"
DEBUG:root:Received: "{"command": "message", "message": "I'm Joe\n", "ts": 1709767889}"
DEBUG:root:Received: "{"command": "message", "message": "Nice to meet you Joe\n", "ts": 1709767889}"
DEBUG:root:Sent: "{"command": "message", "message": "Cya around\n", "ts": 1709767889}"
DEBUG:root:Received: "{"command": "message", "message": "Cya around\n", "ts": 1709767889}"
DEBUG:root:Sent: "{"command": "register", "user": "Foo"}"
DEBUG:root:Sent: "{"command": "message", "message": "Hello!\n", "ts": 1709767892}"
DEBUG:root:Received: "{"command": "message", "message": "Hello!\n", "ts": 1709767892}"
DEBUG:root:Sent: "{"command": "join", "channel": "#cd"}"
DEBUG:root:Sent: "{"command": "message", "message": "no one is here...\n", "channel": "#cd", "ts": 1709767892}"
DEBUG:root:Received: "{"command": "message", "message": "no one is here...\n", "channel": "#cd", "ts": 1709767892}"
DEBUG:root:Sent: "{"command": "register", "user": "Foo"}"
DEBUG:root:Sent: "{"command": "join", "channel": "#c1"}"
DEBUG:root:Sent: "{"command": "message", "message": "Hello darkness, my old friend\n", "channel": "#c1", "ts": 1709767896}"
DEBUG:root:Received: "{"command": "message", "message": "Hello darkness, my old friend\n", "channel": "#c1", "ts": 1709767896}"
DEBUG:root:Sent: "{"command": "join", "channel": "#c2"}"
DEBUG:root:Sent: "{"command": "message", "message": "I've come to talk with you again\n", "channel": "#c2", "ts": 1709767896}"
DEBUG:root:Received: "{"command": "message", "message": "I've come to talk with you again\n", "channel": "#c2", "ts": 1709767896}"
DEBUG:root:Sent: "{"command": "join", "channel": "#c1"}"
DEBUG:root:Sent: "{"command": "message", "message": "Because a vision softly creeping\n", "channel": "#c1", "ts": 1709767897}"
DEBUG:root:Received: "{"command": "message", "message": "Because a vision softly creeping\n", "channel": "#c1", "ts": 1709767897}"
DEBUG:root:Received: "{"command": "message", "message": "Because a vision softly creeping\n", "channel": "#c1", "ts": 1709767897}"
DEBUG:root:Sent: "{"command": "register", "user": "Foo"}"
DEBUG:root:Sent: "{"command": "message", "message": "Ol\u00e1 Mundo\n", "ts": 1709803145}"
DEBUG:root:Received: "{"command": "message", "message": "Ol\u00e1 Mundo\n", "ts": 1709803145}"
DEBUG:root:Received: "{"command": "message", "message": "Hello World\n", "ts": 1709803145}"
DEBUG:root:Sent: "{"command": "register", "user": "Foo"}"
DEBUG:root:Sent: "{"command": "message", "message": "Ol\u00e1 Mundo\n", "ts": 1709803147}"
DEBUG:root:Received: "{"command": "message", "message": "Ol\u00e1 Mundo\n", "ts": 1709803147}"
DEBUG:root:Received: "{"command": "message", "message": "Hello World\n", "ts": 1709803147}"
DEBUG:root:Received: "{"command": "message", "message": "How are you?\n", "ts": 1709803147}"
DEBUG:root:Received: "{"command": "message", "message": "Are you new around here?\n", "ts": 1709803147}"
DEBUG:root:Received: "{"command": "message", "message": "Hope you enjoy your stay\n", "ts": 1709803147}"
DEBUG:root:Sent: "{"command": "message", "message": "You are awesome!\n", "ts": 1709803147}"
DEBUG:root:Received: "{"command": "message", "message": "You are awesome!\n", "ts": 1709803147}"
DEBUG:root:Sent: "{"command": "register", "user": "Foo"}"
DEBUG:root:Sent: "{"command": "message", "message": "Hello!\n", "ts": 1709803150}"
DEBUG:root:Received: "{"command": "message", "message": "Hello!\n", "ts": 1709803150}"
DEBUG:root:Received: "{"command": "message", "message": "Welcome aboard\n", "ts": 1709803150}"
DEBUG:root:Received: "{"command": "message", "message": "Who are you?\n", "ts": 1709803150}"
DEBUG:root:Sent: "{"command": "message", "message": "I'm Joe\n", "ts": 1709803150}"
DEBUG:root:Received: "{"command": "message", "message": "I'm Joe\n", "ts": 1709803150}"
DEBUG:root:Received: "{"command": "message", "message": "Nice to meet you Joe\n", "ts": 1709803150}"
DEBUG:root:Sent: "{"command": "message", "message": "Cya around\n", "ts": 1709803150}"
DEBUG:root:Received: "{"command": "message", "message": "Cya around\n", "ts": 1709803150}"
DEBUG:root:Sent: "{"command": "register", "user": "Foo"}"
DEBUG:root:Sent: "{"command": "message", "message": "Hello!\n", "ts": 1709803152}"
DEBUG:root:Received: "{"command": "message", "message": "Hello!\n", "ts": 1709803152}"
DEBUG:root:Sent: "{"command": "join", "channel": "#cd"}"
DEBUG:root:Sent: "{"command": "message", "message": "no one is here...\n", "channel": "#cd", "ts": 1709803153}"
DEBUG:root:Received: "{"command": "message", "message": "no one is here...\n", "channel": "#cd", "ts": 1709803153}"
DEBUG:root:Sent: "{"command": "register", "user": "Foo"}"
DEBUG:root:Sent: "{"command": "join", "channel": "#c1"}"
DEBUG:root:Sent: "{"command": "message", "message": "Hello darkness, my old friend\n", "channel": "#c1", "ts": 1709803157}"
DEBUG:root:Received: "{"command": "message", "message": "Hello darkness, my old friend\n", "channel": "#c1", "ts": 1709803157}"
DEBUG:root:Sent: "{"command": "join", "channel": "#c2"}"
DEBUG:root:Sent: "{"command": "message", "message": "I've come to talk with you again\n", "channel": "#c2", "ts": 1709803157}"
DEBUG:root:Received: "{"command": "message", "message": "I've come to talk with you again\n", "channel": "#c2", "ts": 1709803157}"
DEBUG:root:Sent: "{"command": "join", "channel": "#c1"}"
DEBUG:root:Sent: "{"command": "message", "message": "Because a vision softly creeping\n", "channel": "#c1", "ts": 1709803157}"
DEBUG:root:Received: "{"command": "message", "message": "Because a vision softly creeping\n", "channel": "#c1", "ts": 1709803157}"
DEBUG:root:Received: "{"command": "message", "message": "Because a vision softly creeping\n", "channel": "#c1", "ts": 1709803157}"
DEBUG:root:Sent: "{"command": "register", "user": "Foo"}"
DEBUG:root:Received: "{"command": "message", "message": "ola\n", "ts": 1709803181}"
DEBUG:root:Sent: "{"command": "message", "message": "oleeee\n", "ts": 1709803184}"
DEBUG:root:Received: "{"command": "message", "message": "oleeee\n", "ts": 1709803184}"
DEBUG:root:Sent: "{"command": "join", "channel": "#cd"}"
DEBUG:root:Received: "{"command": "message", "message": "ola\n", "ts": 1709803204}"
DEBUG:root:Sent: "{"command": "message", "message": "ola\n", "channel": "#cd", "ts": 1709803208}"
DEBUG:root:Received: "{"command": "message", "message": "ola\n", "channel": "#cd", "ts": 1709803208}"
DEBUG:root:Sent: "{"command": "message", "message": "exit\n", "channel": "#cd", "ts": 1709803220}"
DEBUG:root:Received: "{"command": "message", "message": "exit\n", "channel": "#cd", "ts": 1709803220}"
DEBUG:root:Received: "{"command": "message", "message": "exit\n", "ts": 1709803224}"
DEBUG:root:Sent: "{"command": "register", "user": "Foo"}"
DEBUG:root:Sent: "{"command": "register", "user": "Foo"}"
DEBUG:root:Sent: "{"command": "message", "message": "exit\n", "ts": 1709803719}"
DEBUG:root:Received: "{"command": "message", "message": "exit\n", "ts": 1709803719}"
DEBUG:root:Received: "{"command": "message", "message": "exit\n", "ts": 1709803755}"
DEBUG:root:Sent: "{"command": "register", "user": "Foo"}"
DEBUG:root:Sent: "{"command": "message", "message": "ola\n", "ts": 1709803836}"
DEBUG:root:Received: "{"command": "message", "message": "ola\n", "ts": 1709803836}"
DEBUG:root:Sent: "{"command": "register", "user": "Foo"}"
DEBUG:root:Sent: "{"command": "message", "message": "exit\n", "ts": 1709803893}"
DEBUG:root:Sent: "{"command": "register", "user": "Foo"}"
DEBUG:root:Sent: "{"command": "message", "message": "Ol\u00e1 Mundo\n", "ts": 1709803913}"
DEBUG:root:Received: "{"command": "message", "message": "Ol\u00e1 Mundo\n", "ts": 1709803913}"
DEBUG:root:Received: "{"command": "message", "message": "Hello World\n", "ts": 1709803913}"
DEBUG:root:Sent: "{"command": "register", "user": "Foo"}"
DEBUG:root:Sent: "{"command": "message", "message": "Ol\u00e1 Mundo\n", "ts": 1709803915}"
DEBUG:root:Received: "{"command": "message", "message": "Ol\u00e1 Mundo\n", "ts": 1709803915}"
DEBUG:root:Received: "{"command": "message", "message": "Hello World\n", "ts": 1709803915}"
DEBUG:root:Received: "{"command": "message", "message": "How are you?\n", "ts": 1709803915}"
DEBUG:root:Received: "{"command": "message", "message": "Are you new around here?\n", "ts": 1709803916}"
DEBUG:root:Received: "{"command": "message", "message": "Hope you enjoy your stay\n", "ts": 1709803916}"
DEBUG:root:Sent: "{"command": "message", "message": "You are awesome!\n", "ts": 1709803916}"
DEBUG:root:Received: "{"command": "message", "message": "You are awesome!\n", "ts": 1709803916}"
DEBUG:root:Sent: "{"command": "register", "user": "Foo"}"
DEBUG:root:Sent: "{"command": "message", "message": "Hello!\n", "ts": 1709803918}"
DEBUG:root:Received: "{"command": "message", "message": "Hello!\n", "ts": 1709803918}"
DEBUG:root:Received: "{"command": "message", "message": "Welcome aboard\n", "ts": 1709803918}"
DEBUG:root:Received: "{"command": "message", "message": "Who are you?\n", "ts": 1709803918}"
DEBUG:root:Sent: "{"command": "message", "message": "I'm Joe\n", "ts": 1709803918}"
DEBUG:root:Received: "{"command": "message", "message": "I'm Joe\n", "ts": 1709803918}"
DEBUG:root:Received: "{"command": "message", "message": "Nice to meet you Joe\n", "ts": 1709803918}"
DEBUG:root:Sent: "{"command": "message", "message": "Cya around\n", "ts": 1709803918}"
DEBUG:root:Received: "{"command": "message", "message": "Cya around\n", "ts": 1709803918}"
DEBUG:root:Sent: "{"command": "register", "user": "Foo"}"
DEBUG:root:Sent: "{"command": "message", "message": "Hello!\n", "ts": 1709803921}"
DEBUG:root:Received: "{"command": "message", "message": "Hello!\n", "ts": 1709803921}"
DEBUG:root:Sent: "{"command": "join", "channel": "#cd"}"
DEBUG:root:Sent: "{"command": "message", "message": "no one is here...\n", "channel": "#cd", "ts": 1709803921}"
DEBUG:root:Received: "{"command": "message", "message": "no one is here...\n", "channel": "#cd", "ts": 1709803921}"
DEBUG:root:Sent: "{"command": "register", "user": "Foo"}"
DEBUG:root:Sent: "{"command": "join", "channel": "#c1"}"
DEBUG:root:Sent: "{"command": "message", "message": "Hello darkness, my old friend\n", "channel": "#c1", "ts": 1709803925}"
DEBUG:root:Received: "{"command": "message", "message": "Hello darkness, my old friend\n", "channel": "#c1", "ts": 1709803925}"
DEBUG:root:Sent: "{"command": "join", "channel": "#c2"}"
DEBUG:root:Sent: "{"command": "message", "message": "I've come to talk with you again\n", "channel": "#c2", "ts": 1709803925}"
DEBUG:root:Received: "{"command": "message", "message": "I've come to talk with you again\n", "channel": "#c2", "ts": 1709803925}"
DEBUG:root:Sent: "{"command": "join", "channel": "#c1"}"
DEBUG:root:Sent: "{"command": "message", "message": "Because a vision softly creeping\n", "channel": "#c1", "ts": 1709803925}"
DEBUG:root:Received: "{"command": "message", "message": "Because a vision softly creeping\n", "channel": "#c1", "ts": 1709803925}"
DEBUG:root:Received: "{"command": "message", "message": "Because a vision softly creeping\n", "channel": "#c1", "ts": 1709803925}"
DEBUG:root:Sent: "{"command": "register", "user": "Foo"}"
DEBUG:root:Sent: "{"command": "message", "message": "Ol\u00e1 Mundo\n", "ts": 1710173819}"
DEBUG:root:Received: "{"command": "message", "message": "Ol\u00e1 Mundo\n", "ts": 1710173819}"
DEBUG:root:Received: "{"command": "message", "message": "Hello World\n", "ts": 1710173819}"
DEBUG:root:Sent: "{"command": "register", "user": "Foo"}"
DEBUG:root:Sent: "{"command": "message", "message": "Ol\u00e1 Mundo\n", "ts": 1710173822}"
DEBUG:root:Received: "{"command": "message", "message": "Ol\u00e1 Mundo\n", "ts": 1710173822}"
DEBUG:root:Received: "{"command": "message", "message": "Hello World\n", "ts": 1710173822}"
DEBUG:root:Received: "{"command": "message", "message": "How are you?\n", "ts": 1710173822}"
DEBUG:root:Received: "{"command": "message", "message": "Are you new around here?\n", "ts": 1710173822}"
DEBUG:root:Received: "{"command": "message", "message": "Hope you enjoy your stay\n", "ts": 1710173822}"
DEBUG:root:Sent: "{"command": "message", "message": "You are awesome!\n", "ts": 1710173822}"
DEBUG:root:Received: "{"command": "message", "message": "You are awesome!\n", "ts": 1710173822}"
DEBUG:root:Sent: "{"command": "register", "user": "Foo"}"
DEBUG:root:Sent: "{"command": "message", "message": "Hello!\n", "ts": 1710173824}"
DEBUG:root:Received: "{"command": "message", "message": "Hello!\n", "ts": 1710173824}"
DEBUG:root:Received: "{"command": "message", "message": "Welcome aboard\n", "ts": 1710173824}"
DEBUG:root:Received: "{"command": "message", "message": "Who are you?\n", "ts": 1710173824}"
DEBUG:root:Sent: "{"command": "message", "message": "I'm Joe\n", "ts": 1710173824}"
DEBUG:root:Received: "{"command": "message", "message": "I'm Joe\n", "ts": 1710173824}"
DEBUG:root:Received: "{"command": "message", "message": "Nice to meet you Joe\n", "ts": 1710173824}"
DEBUG:root:Sent: "{"command": "message", "message": "Cya around\n", "ts": 1710173824}"
DEBUG:root:Received: "{"command": "message", "message": "Cya around\n", "ts": 1710173824}"
DEBUG:root:Sent: "{"command": "register", "user": "Foo"}"
DEBUG:root:Sent: "{"command": "message", "message": "Hello!\n", "ts": 1710173827}"
DEBUG:root:Received: "{"command": "message", "message": "Hello!\n", "ts": 1710173827}"
DEBUG:root:Sent: "{"command": "join", "channel": "#cd"}"
DEBUG:root:Sent: "{"command": "message", "message": "no one is here...\n", "channel": "#cd", "ts": 1710173827}"
DEBUG:root:Received: "{"command": "message", "message": "no one is here...\n", "channel": "#cd", "ts": 1710173827}"
DEBUG:root:Sent: "{"command": "register", "user": "Foo"}"
DEBUG:root:Sent: "{"command": "join", "channel": "#c1"}"
DEBUG:root:Sent: "{"command": "message", "message": "Hello darkness, my old friend\n", "channel": "#c1", "ts": 1710173831}"
DEBUG:root:Received: "{"command": "message", "message": "Hello darkness, my old friend\n", "channel": "#c1", "ts": 1710173831}"
DEBUG:root:Sent: "{"command": "join", "channel": "#c2"}"
DEBUG:root:Sent: "{"command": "message", "message": "I've come to talk with you again\n", "channel": "#c2", "ts": 1710173831}"
DEBUG:root:Received: "{"command": "message", "message": "I've come to talk with you again\n", "channel": "#c2", "ts": 1710173831}"
DEBUG:root:Sent: "{"command": "join", "channel": "#c1"}"
DEBUG:root:Sent: "{"command": "message", "message": "Because a vision softly creeping\n", "channel": "#c1", "ts": 1710173832}"
DEBUG:root:Received: "{"command": "message", "message": "Because a vision softly creeping\n", "channel": "#c1", "ts": 1710173832}"
DEBUG:root:Received: "{"command": "message", "message": "Because a vision softly creeping\n", "channel": "#c1", "ts": 1710173832}"
DEBUG:root:Sent: "{"command": "register", "user": "Foo"}"
DEBUG:root:Sent: "{"command": "message", "message": "Ol\u00e1 Mundo\n", "ts": 1710173872}"
DEBUG:root:Received: "{"command": "message", "message": "Ol\u00e1 Mundo\n", "ts": 1710173872}"
DEBUG:root:Received: "{"command": "message", "message": "Hello World\n", "ts": 1710173872}"
DEBUG:root:Sent: "{"command": "register", "user": "Foo"}"
DEBUG:root:Sent: "{"command": "message", "message": "Ol\u00e1 Mundo\n", "ts": 1710173874}"
DEBUG:root:Received: "{"command": "message", "message": "Ol\u00e1 Mundo\n", "ts": 1710173874}"
DEBUG:root:Received: "{"command": "message", "message": "Hello World\n", "ts": 1710173874}"
DEBUG:root:Received: "{"command": "message", "message": "How are you?\n", "ts": 1710173874}"
DEBUG:root:Received: "{"command": "message", "message": "Are you new around here?\n", "ts": 1710173874}"
DEBUG:root:Received: "{"command": "message", "message": "Hope you enjoy your stay\n", "ts": 1710173874}"
DEBUG:root:Sent: "{"command": "message", "message": "You are awesome!\n", "ts": 1710173874}"
DEBUG:root:Received: "{"command": "message", "message": "You are awesome!\n", "ts": 1710173874}"
DEBUG:root:Sent: "{"command": "register", "user": "Foo"}"
DEBUG:root:Sent: "{"command": "message", "message": "Hello!\n", "ts": 1710173877}"
DEBUG:root:Received: "{"command": "message", "message": "Hello!\n", "ts": 1710173877}"
DEBUG:root:Received: "{"command": "message", "message": "Welcome aboard\n", "ts": 1710173877}"
DEBUG:root:Received: "{"command": "message", "message": "Who are you?\n", "ts": 1710173877}"
DEBUG:root:Sent: "{"command": "message", "message": "I'm Joe\n", "ts": 1710173877}"
DEBUG:root:Received: "{"command": "message", "message": "I'm Joe\n", "ts": 1710173877}"
DEBUG:root:Received: "{"command": "message", "message": "Nice to meet you Joe\n", "ts": 1710173877}"
DEBUG:root:Sent: "{"command": "message", "message": "Cya around\n", "ts": 1710173877}"
DEBUG:root:Received: "{"command": "message", "message": "Cya around\n", "ts": 1710173877}"
DEBUG:root:Sent: "{"command": "register", "user": "Foo"}"
DEBUG:root:Sent: "{"command": "message", "message": "Hello!\n", "ts": 1710173879}"
DEBUG:root:Received: "{"command": "message", "message": "Hello!\n", "ts": 1710173879}"
DEBUG:root:Sent: "{"command": "join", "channel": "#cd"}"
DEBUG:root:Sent: "{"command": "message", "message": "no one is here...\n", "channel": "#cd", "ts": 1710173879}"
DEBUG:root:Received: "{"command": "message", "message": "no one is here...\n", "channel": "#cd", "ts": 1710173879}"
DEBUG:root:Sent: "{"command": "register", "user": "Foo"}"
DEBUG:root:Sent: "{"command": "join", "channel": "#c1"}"
DEBUG:root:Sent: "{"command": "message", "message": "Hello darkness, my old friend\n", "channel": "#c1", "ts": 1710173884}"
DEBUG:root:Received: "{"command": "message", "message": "Hello darkness, my old friend\n", "channel": "#c1", "ts": 1710173884}"
DEBUG:root:Sent: "{"command": "join", "channel": "#c2"}"
DEBUG:root:Sent: "{"command": "message", "message": "I've come to talk with you again\n", "channel": "#c2", "ts": 1710173884}"
DEBUG:root:Received: "{"command": "message", "message": "I've come to talk with you again\n", "channel": "#c2", "ts": 1710173884}"
DEBUG:root:Sent: "{"command": "join", "channel": "#c1"}"
DEBUG:root:Sent: "{"command": "message", "message": "Because a vision softly creeping\n", "channel": "#c1", "ts": 1710173884}"
DEBUG:root:Received: "{"command": "message", "message": "Because a vision softly creeping\n", "channel": "#c1", "ts": 1710173884}"
DEBUG:root:Received: "{"command": "message", "message": "Because a vision softly creeping\n", "channel": "#c1", "ts": 1710173884}"
